[8] Log opened at 2021-05-03 13:04:16.448355
[8] [Step Debug] INFO: Connecting to configured address/port: host.docker.internal:9001.
[8] [Step Debug] WARN: Creating socket for 'host.docker.internal:9001', poll success, but error: Operation now in progress (29).
[8] [Step Debug] ERR: Could not connect to debugging client. Tried: host.docker.internal:9001 (through xdebug.client_host/xdebug.client_port) :-(
[8] [Step Debug] INFO: Connecting to configured address/port: host.docker.internal:9001.
[8] [Step Debug] WARN: Creating socket for 'host.docker.internal:9001', poll success, but error: Operation now in progress (29).
[8] [Step Debug] ERR: Could not connect to debugging client. Tried: host.docker.internal:9001 (through xdebug.client_host/xdebug.client_port) :-(
[8] [Step Debug] INFO: Connecting to configured address/port: host.docker.internal:9001.
[8] [Step Debug] WARN: Creating socket for 'host.docker.internal:9001', poll success, but error: Operation now in progress (29).
[8] [Step Debug] ERR: Could not connect to debugging client. Tried: host.docker.internal:9001 (through xdebug.client_host/xdebug.client_port) :-(
[8] Log closed at 2021-05-03 13:04:23.232605

[7] Log opened at 2021-05-03 13:05:01.265794
[7] [Step Debug] INFO: Connecting to configured address/port: host.docker.internal:9001.
[7] [Step Debug] WARN: Creating socket for 'host.docker.internal:9001', poll success, but error: Operation now in progress (29).
[7] [Step Debug] ERR: Could not connect to debugging client. Tried: host.docker.internal:9001 (through xdebug.client_host/xdebug.client_port) :-(
[7] [Step Debug] INFO: Connecting to configured address/port: host.docker.internal:9001.
[7] [Step Debug] WARN: Creating socket for 'host.docker.internal:9001', poll success, but error: Operation now in progress (29).
[7] [Step Debug] ERR: Could not connect to debugging client. Tried: host.docker.internal:9001 (through xdebug.client_host/xdebug.client_port) :-(
[7] [Step Debug] INFO: Connecting to configured address/port: host.docker.internal:9001.
[7] [Step Debug] WARN: Creating socket for 'host.docker.internal:9001', poll success, but error: Operation now in progress (29).
[7] [Step Debug] ERR: Could not connect to debugging client. Tried: host.docker.internal:9001 (through xdebug.client_host/xdebug.client_port) :-(
[7] Log closed at 2021-05-03 13:05:10.761248

